{"total": {"lines":{"total":613,"covered":271,"skipped":0,"pct":44.2},"statements":{"total":665,"covered":281,"skipped":0,"pct":42.25},"functions":{"total":106,"covered":66,"skipped":0,"pct":62.26},"branches":{"total":337,"covered":145,"skipped":0,"pct":43.02},"branchesTrue":{"total":0,"covered":0,"skipped":0,"pct":100}}
,"D:\\AI\\OrbitEight\\app\\page.tsx": {"lines":{"total":2,"covered":2,"skipped":0,"pct":100},"functions":{"total":1,"covered":1,"skipped":0,"pct":100},"statements":{"total":2,"covered":2,"skipped":0,"pct":100},"branches":{"total":0,"covered":0,"skipped":0,"pct":100}}
,"D:\\AI\\OrbitEight\\app\\about\\page.tsx": {"lines":{"total":2,"covered":2,"skipped":0,"pct":100},"functions":{"total":1,"covered":1,"skipped":0,"pct":100},"statements":{"total":2,"covered":2,"skipped":0,"pct":100},"branches":{"total":0,"covered":0,"skipped":0,"pct":100}}
,"D:\\AI\\OrbitEight\\app\\contact\\page.tsx": {"lines":{"total":3,"covered":3,"skipped":0,"pct":100},"functions":{"total":2,"covered":2,"skipped":0,"pct":100},"statements":{"total":3,"covered":3,"skipped":0,"pct":100},"branches":{"total":0,"covered":0,"skipped":0,"pct":100}}
,"D:\\AI\\OrbitEight\\app\\discoveries\\page.tsx": {"lines":{"total":5,"covered":5,"skipped":0,"pct":100},"functions":{"total":4,"covered":4,"skipped":0,"pct":100},"statements":{"total":5,"covered":5,"skipped":0,"pct":100},"branches":{"total":4,"covered":4,"skipped":0,"pct":100}}
,"D:\\AI\\OrbitEight\\app\\explore\\page.tsx": {"lines":{"total":3,"covered":3,"skipped":0,"pct":100},"functions":{"total":2,"covered":2,"skipped":0,"pct":100},"statements":{"total":4,"covered":4,"skipped":0,"pct":100},"branches":{"total":0,"covered":0,"skipped":0,"pct":100}}
,"D:\\AI\\OrbitEight\\components\\cards\\discovery-card.tsx": {"lines":{"total":1,"covered":1,"skipped":0,"pct":100},"functions":{"total":1,"covered":1,"skipped":0,"pct":100},"statements":{"total":1,"covered":1,"skipped":0,"pct":100},"branches":{"total":12,"covered":12,"skipped":0,"pct":100}}
,"D:\\AI\\OrbitEight\\components\\cards\\featured-discovery.tsx": {"lines":{"total":1,"covered":1,"skipped":0,"pct":100},"functions":{"total":1,"covered":1,"skipped":0,"pct":100},"statements":{"total":1,"covered":1,"skipped":0,"pct":100},"branches":{"total":2,"covered":2,"skipped":0,"pct":100}}
,"D:\\AI\\OrbitEight\\components\\cards\\topic-card.tsx": {"lines":{"total":1,"covered":1,"skipped":0,"pct":100},"functions":{"total":1,"covered":1,"skipped":0,"pct":100},"statements":{"total":1,"covered":1,"skipped":0,"pct":100},"branches":{"total":1,"covered":1,"skipped":0,"pct":100}}
,"D:\\AI\\OrbitEight\\components\\navigation\\navbar.tsx": {"lines":{"total":21,"covered":20,"skipped":0,"pct":95.23},"functions":{"total":11,"covered":9,"skipped":0,"pct":81.81},"statements":{"total":24,"covered":22,"skipped":0,"pct":91.66},"branches":{"total":18,"covered":14,"skipped":0,"pct":77.77}}
,"D:\\AI\\OrbitEight\\components\\sections\\about-hero.tsx": {"lines":{"total":29,"covered":28,"skipped":0,"pct":96.55},"functions":{"total":10,"covered":10,"skipped":0,"pct":100},"statements":{"total":33,"covered":31,"skipped":0,"pct":93.93},"branches":{"total":23,"covered":21,"skipped":0,"pct":91.3}}
,"D:\\AI\\OrbitEight\\components\\sections\\about-story.tsx": {"lines":{"total":2,"covered":2,"skipped":0,"pct":100},"functions":{"total":2,"covered":2,"skipped":0,"pct":100},"statements":{"total":2,"covered":2,"skipped":0,"pct":100},"branches":{"total":0,"covered":0,"skipped":0,"pct":100}}
,"D:\\AI\\OrbitEight\\components\\sections\\discoveries-hero.tsx": {"lines":{"total":1,"covered":1,"skipped":0,"pct":100},"functions":{"total":1,"covered":1,"skipped":0,"pct":100},"statements":{"total":1,"covered":1,"skipped":0,"pct":100},"branches":{"total":0,"covered":0,"skipped":0,"pct":100}}
,"D:\\AI\\OrbitEight\\components\\sections\\explore-hero.tsx": {"lines":{"total":1,"covered":1,"skipped":0,"pct":100},"functions":{"total":1,"covered":1,"skipped":0,"pct":100},"statements":{"total":1,"covered":1,"skipped":0,"pct":100},"branches":{"total":0,"covered":0,"skipped":0,"pct":100}}
,"D:\\AI\\OrbitEight\\components\\sections\\page-hero.tsx": {"lines":{"total":1,"covered":1,"skipped":0,"pct":100},"functions":{"total":1,"covered":1,"skipped":0,"pct":100},"statements":{"total":1,"covered":1,"skipped":0,"pct":100},"branches":{"total":8,"covered":8,"skipped":0,"pct":100}}
,"D:\\AI\\OrbitEight\\components\\sections\\topic-index.tsx": {"lines":{"total":10,"covered":10,"skipped":0,"pct":100},"functions":{"total":5,"covered":5,"skipped":0,"pct":100},"statements":{"total":11,"covered":11,"skipped":0,"pct":100},"branches":{"total":6,"covered":5,"skipped":0,"pct":83.33}}
,"D:\\AI\\OrbitEight\\components\\ui\\animated-shader-hero.tsx": {"lines":{"total":188,"covered":125,"skipped":0,"pct":66.48},"functions":{"total":34,"covered":17,"skipped":0,"pct":50},"statements":{"total":194,"covered":127,"skipped":0,"pct":65.46},"branches":{"total":72,"covered":33,"skipped":0,"pct":45.83}}
,"D:\\AI\\OrbitEight\\components\\ui\\blackhole-hero-section.tsx": {"lines":{"total":334,"covered":57,"skipped":0,"pct":17.06},"functions":{"total":24,"covered":3,"skipped":0,"pct":12.5},"statements":{"total":370,"covered":57,"skipped":0,"pct":15.4},"branches":{"total":187,"covered":41,"skipped":0,"pct":21.92}}
,"D:\\AI\\OrbitEight\\components\\ui\\editorial-image.tsx": {"lines":{"total":3,"covered":3,"skipped":0,"pct":100},"functions":{"total":1,"covered":1,"skipped":0,"pct":100},"statements":{"total":3,"covered":3,"skipped":0,"pct":100},"branches":{"total":2,"covered":2,"skipped":0,"pct":100}}
,"D:\\AI\\OrbitEight\\components\\ui\\spline-background.tsx": {"lines":{"total":5,"covered":5,"skipped":0,"pct":100},"functions":{"total":3,"covered":3,"skipped":0,"pct":100},"statements":{"total":6,"covered":6,"skipped":0,"pct":100},"branches":{"total":2,"covered":2,"skipped":0,"pct":100}}
}
